\BOOKMARK [1][-]{section.14}{Statische Elektrische Felder}{}% 1
\BOOKMARK [2][-]{subsection.14.1}{ Elektrische Ladungen }{section.14}% 2
\BOOKMARK [3][-]{subsubsection.14.1.1}{ Reibungselektriziz\344t }{subsection.14.1}% 3
\BOOKMARK [3][-]{subsubsection.14.1.2}{Ladung ist eine skalare Gr\366\337e }{subsection.14.1}% 4
\BOOKMARK [3][-]{subsubsection.14.1.3}{ Quarks }{subsection.14.1}% 5
\BOOKMARK [3][-]{subsubsection.14.1.4}{Entdeckung und Bestimmung der Elementarladung}{subsection.14.1}% 6
\BOOKMARK [2][-]{subsection.14.2}{Kr\344fte zwischen Ladungen und das Coulomb-Gesetz}{section.14}% 7
\BOOKMARK [2][-]{subsection.14.3}{Potenzielle Energie einer Ladungsverteilung}{section.14}% 8
\BOOKMARK [2][-]{subsection.14.4}{Erzeugung el. Felder durch Ladungen}{section.14}% 9
\BOOKMARK [3][-]{subsubsection.14.4.1}{Feld einer Punktladung:}{subsection.14.4}% 10
\BOOKMARK [3][-]{subsubsection.14.4.2}{Feld einer Verteilung von Punktladungen}{subsection.14.4}% 11
\BOOKMARK [3][-]{subsubsection.14.4.3}{Leiter im el. Feld und Influenz}{subsection.14.4}% 12
\BOOKMARK [2][-]{subsection.14.5}{Kontinuierliche Ladungsverteilung}{section.14}% 13
\BOOKMARK [2][-]{subsection.14.6}{Elektrischer Fluss und Satz von Gau\337}{section.14}% 14
\BOOKMARK [3][-]{subsubsection.14.6.1}{Definition: Fluss \040eines Vektorfeldes \040durch einen Fl\344che A:}{subsection.14.6}% 15
\BOOKMARK [3][-]{subsubsection.14.6.2}{Gau\337'scher Satz}{subsection.14.6}% 16
\BOOKMARK [3][-]{subsubsection.14.6.3}{Beispiele}{subsection.14.6}% 17
\BOOKMARK [2][-]{subsection.14.7}{Das elektrische Potenzial}{section.14}% 18
\BOOKMARK [3][-]{subsubsection.14.7.1}{Elektrisches Feld und Potenzial}{subsection.14.7}% 19
\BOOKMARK [3][-]{subsubsection.14.7.2}{Poisson- und Laplace Gleichung:}{subsection.14.7}% 20
\BOOKMARK [2][-]{subsection.14.8}{Elektrisches Feld in der Umgebung von Leitern}{section.14}% 21
\BOOKMARK [3][-]{subsubsection.14.8.1}{Anwendungen:}{subsection.14.8}% 22
\BOOKMARK [3][-]{subsubsection.14.8.2}{Elektrisches Feld zwischen geladenen Leitern}{subsection.14.8}% 23
\BOOKMARK [3][-]{subsubsection.14.8.3}{Berechnung der Kapazit\344t:}{subsection.14.8}% 24
\BOOKMARK [3][-]{subsubsection.14.8.4}{Feldst\344rke im Inneres eines Plattenkondensator:}{subsection.14.8}% 25
\BOOKMARK [3][-]{subsubsection.14.8.5}{Realisierung von Kondensatoren:}{subsection.14.8}% 26
\BOOKMARK [3][-]{subsubsection.14.8.6}{Energie eines aufgeladenen Kondensators}{subsection.14.8}% 27
\BOOKMARK [3][-]{subsubsection.14.8.7}{Entladen eines Kondensators}{subsection.14.8}% 28
\BOOKMARK [3][-]{subsubsection.14.8.8}{Kraft zwischen Zwei Kondensatorplatten}{subsection.14.8}% 29
\BOOKMARK [3][-]{subsubsection.14.8.9}{Kraft zwischen Kondensatorplatten}{subsection.14.8}% 30
\BOOKMARK [2][-]{subsection.14.9}{Isolatoren \(Dielektrikum\) im elektrischen Feld}{section.14}% 31
